<?xml version="1.0" encoding="UTF-8"?>
<!-- Generated by org.testng.reporters.JUnitReportReporter -->
<testsuite hostname="Confluxsyss-Mac-mini.local" failures="0" tests="1" name="con.testng.testngpractise.Parameter" time="0.016" errors="0" timestamp="2024-10-16T09:50:09 IST" skipped="0">
  <testcase classname="con.testng.testngpractise.Parameter" name="testLogin" time="0.016"/>
</testsuite> <!-- con.testng.testngpractise.Parameter -->
