<?xml version="1.0" encoding="UTF-8"?>
<!-- Generated by org.testng.reporters.JUnitReportReporter -->
<testsuite hostname="Confluxsyss-Mac-mini.local" failures="0" tests="2" name="con.testng.testngpractise.FullTest" time="0.014" errors="0" timestamp="2024-10-15T10:59:32 IST" skipped="0">
  <testcase classname="con.testng.testngpractise.FullTest" name="testCounterValue" time="0.003"/>
  <testcase classname="con.testng.testngpractise.FullTest" name="testCounterIncrement" time="0.011"/>
</testsuite> <!-- con.testng.testngpractise.FullTest -->
