<?xml version="1.0" encoding="UTF-8"?>
<!-- Generated by org.testng.reporters.JUnitReportReporter -->
<testsuite hostname="Confluxsyss-Mac-mini.local" failures="0" tests="3" name="con.testng.testngpractise.ArrayOperationsTest" time="0.030" errors="0" timestamp="2024-10-15T12:00:54 IST" skipped="0">
  <testcase classname="con.testng.testngpractise.ArrayOperationsTest" name="testArrayOperations" time="0.009"/>
  <testcase classname="con.testng.testngpractise.ArrayOperationsTest" name="testArrayOperations" time="0.019"/>
  <testcase classname="con.testng.testngpractise.ArrayOperationsTest" name="testArrayOperations" time="0.002"/>
</testsuite> <!-- con.testng.testngpractise.ArrayOperationsTest -->
