<?xml version="1.0" encoding="UTF-8"?>
<!-- Generated by org.testng.reporters.JUnitReportReporter -->
<testsuite hostname="Confluxsyss-Mac-mini.local" failures="0" tests="4" name="con.testng.testngpractise.TestNGGroupExample" time="0.029" errors="0" timestamp="2024-10-17T08:40:12 IST" skipped="0">
  <testcase classname="con.testng.testngpractise.TestNGGroupExample" name="testRegression1" time="0.005"/>
  <testcase classname="con.testng.testngpractise.TestNGGroupExample" name="testSmoke1" time="0.010"/>
  <testcase classname="con.testng.testngpractise.TestNGGroupExample" name="testIntegration1" time="0.010"/>
  <testcase classname="con.testng.testngpractise.TestNGGroupExample" name="testSmoke2" time="0.004"/>
</testsuite> <!-- con.testng.testngpractise.TestNGGroupExample -->
