<?xml version="1.0" encoding="UTF-8"?>
<!-- Generated by org.testng.reporters.JUnitReportReporter -->
<testsuite hostname="Confluxsyss-Mac-mini.local" failures="0" tests="2" name="con.testng.testngpractise.MainAppTest" time="0.018" errors="0" timestamp="2024-10-17T09:46:14 IST" skipped="0">
  <testcase classname="con.testng.testngpractise.MainAppTest" name="testAddNegative" time="0.004"/>
  <testcase classname="con.testng.testngpractise.MainAppTest" name="testAdd" time="0.014"/>
</testsuite> <!-- con.testng.testngpractise.MainAppTest -->
