<?xml version="1.0" encoding="UTF-8"?>
<!-- Generated by org.testng.reporters.JUnitReportReporter -->
<testsuite hostname="Confluxsyss-Mac-mini.local" failures="0" tests="3" name="con.testng.testngpractise.Priority" time="0.029" errors="0" timestamp="2024-10-16T11:10:10 IST" skipped="0">
  <testcase classname="con.testng.testngpractise.Priority" name="testLogin" time="0.017"/>
  <testcase classname="con.testng.testngpractise.Priority" name="verifyLogin" time="0.005"/>
  <testcase classname="con.testng.testngpractise.Priority" name="navigateToPage" time="0.007"/>
</testsuite> <!-- con.testng.testngpractise.Priority -->
